{"/home/lucy/git/Helltop/app/app.vue": {"path":"/home/lucy/git/Helltop/app/app.vue","statementMap":{"0":{"start":{"line":4,"column":11},"end":{"line":11,"column":null}},"1":{"start":{"line":7,"column":0},"end":{"line":7,"column":null}},"2":{"start":{"line":11,"column":7},"end":{"line":11,"column":null}},"3":{"start":{"line":11,"column":2},"end":{"line":11,"column":7}},"4":{"start":{"line":12,"column":15},"end":{"line":12,"column":19}},"5":{"start":{"line":13,"column":28},"end":{"line":13,"column":null}},"6":{"start":{"line":14,"column":17},"end":{"line":14,"column":null}},"7":{"start":{"line":15,"column":16},"end":{"line":15,"column":null}},"8":{"start":{"line":15,"column":16},"end":{"line":16,"column":null}}},"fnMap":{"0":{"name":"(anonymous_0)","decl":{"start":{"line":5,"column":11},"end":{"line":5,"column":null}},"loc":{"start":{"line":6,"column":15},"end":{"line":11,"column":null}},"line":6}},"branchMap":{},"s":{"0":1,"1":0,"2":0,"3":0,"4":0,"5":0,"6":0,"7":0,"8":0},"f":{"0":0},"b":{},"meta":{"lastBranch":0,"lastFunction":1,"lastStatement":9,"seen":{"s:4:11:11:Infinity":0,"f:5:11:5:Infinity":0,"s:7:0:7:Infinity":1,"s:11:7:11:Infinity":2,"s:11:2:11:7":3,"s:12:15:12:19":4,"s:13:28:13:Infinity":5,"s:14:17:14:Infinity":6,"s:15:16:15:Infinity":7,"s:15:16:16:Infinity":8}}}
,"/home/lucy/git/Helltop/app/assets/css/main.css": {"path":"/home/lucy/git/Helltop/app/assets/css/main.css","statementMap":{},"fnMap":{},"branchMap":{},"s":{},"f":{},"b":{},"meta":{"lastBranch":0,"lastFunction":0,"lastStatement":0,"seen":{}}}
,"/home/lucy/git/Helltop/app/components/AppFooter.vue": {"path":"/home/lucy/git/Helltop/app/components/AppFooter.vue","statementMap":{"0":{"start":{"line":3,"column":0},"end":{"line":3,"column":null}},"1":{"start":{"line":13,"column":11},"end":{"line":13,"column":null}},"2":{"start":{"line":16,"column":16},"end":{"line":16,"column":null}},"3":{"start":{"line":17,"column":16},"end":{"line":18,"column":null}},"4":{"start":{"line":7,"column":2},"end":{"line":7,"column":null}},"5":{"start":{"line":23,"column":10},"end":{"line":23,"column":null}},"6":{"start":{"line":23,"column":10},"end":{"line":20,"column":51}}},"fnMap":{"0":{"name":"(anonymous_0)","decl":{"start":{"line":2,"column":0},"end":{"line":2,"column":6}},"loc":{"start":{"line":2,"column":31},"end":{"line":3,"column":null}},"line":2}},"branchMap":{},"s":{"0":0,"1":1,"2":1,"3":1,"4":0,"5":0,"6":0},"f":{"0":0},"b":{},"meta":{"lastBranch":0,"lastFunction":1,"lastStatement":7,"seen":{"f:2:0:2:6":0,"s:3:0:3:Infinity":0,"s:13:11:13:Infinity":1,"s:16:16:16:Infinity":2,"s:17:16:18:Infinity":3,"s:7:2:7:Infinity":4,"s:23:10:23:Infinity":5,"s:23:10:20:51":6}}}
,"/home/lucy/git/Helltop/app/components/AppNavbar.vue": {"path":"/home/lucy/git/Helltop/app/components/AppNavbar.vue","statementMap":{"0":{"start":{"line":2,"column":35},"end":{"line":2,"column":62}},"1":{"start":{"line":4,"column":0},"end":{"line":4,"column":null}},"2":{"start":{"line":8,"column":2},"end":{"line":8,"column":null}},"3":{"start":{"line":9,"column":4},"end":{"line":9,"column":null}},"4":{"start":{"line":10,"column":4},"end":{"line":10,"column":null}},"5":{"start":{"line":22,"column":10},"end":{"line":26,"column":54}},"6":{"start":{"line":15,"column":11},"end":{"line":15,"column":22}},"7":{"start":{"line":18,"column":31},"end":{"line":21,"column":23}},"8":{"start":{"line":21,"column":20},"end":{"line":21,"column":23}}},"fnMap":{"0":{"name":"(anonymous_0)","decl":{"start":{"line":2,"column":0},"end":{"line":2,"column":8}},"loc":{"start":{"line":2,"column":29},"end":{"line":4,"column":null}},"line":2},"1":{"name":"(anonymous_1)","decl":{"start":{"line":4,"column":0},"end":{"line":4,"column":null}},"loc":{"start":{"line":4,"column":0},"end":{"line":4,"column":null}},"line":4},"2":{"name":"(anonymous_2)","decl":{"start":{"line":15,"column":11},"end":{"line":15,"column":22}},"loc":{"start":{"line":15,"column":11},"end":{"line":15,"column":22}},"line":15},"3":{"name":"(anonymous_3)","decl":{"start":{"line":18,"column":31},"end":{"line":18,"column":null}},"loc":{"start":{"line":18,"column":31},"end":{"line":21,"column":23}},"line":18},"4":{"name":"(anonymous_4)","decl":{"start":{"line":21,"column":20},"end":{"line":21,"column":23}},"loc":{"start":{"line":21,"column":20},"end":{"line":21,"column":23}},"line":21}},"branchMap":{"0":{"loc":{"start":{"line":15,"column":11},"end":{"line":15,"column":22}},"type":"binary-expr","locations":[{"start":{"line":15,"column":11},"end":{"line":15,"column":22}},{"start":{"line":15,"column":11},"end":{"line":15,"column":22}}],"line":15}},"s":{"0":0,"1":0,"2":0,"3":0,"4":0,"5":0,"6":0,"7":0,"8":0},"f":{"0":0,"1":0,"2":0,"3":0,"4":0},"b":{"0":[0,0]},"meta":{"lastBranch":1,"lastFunction":5,"lastStatement":9,"seen":{"f:2:0:2:8":0,"s:2:35:2:62":0,"s:4:0:4:Infinity":1,"f:4:0:4:Infinity":1,"s:8:2:8:Infinity":2,"s:9:4:9:Infinity":3,"s:10:4:10:Infinity":4,"s:22:10:26:54":5,"f:15:11:15:22":2,"s:15:11:15:22":6,"b:15:11:15:22:15:11:15:22":0,"f:18:31:18:Infinity":3,"s:18:31:21:23":7,"f:21:20:21:23":4,"s:21:20:21:23":8}}}
,"/home/lucy/git/Helltop/app/components/ColorModeSwitch.vue": {"path":"/home/lucy/git/Helltop/app/components/ColorModeSwitch.vue","statementMap":{"0":{"start":{"line":3,"column":0},"end":{"line":3,"column":null}},"1":{"start":{"line":4,"column":12},"end":{"line":4,"column":64}},"2":{"start":{"line":5,"column":0},"end":{"line":5,"column":null}},"3":{"start":{"line":9,"column":2},"end":{"line":9,"column":null}},"4":{"start":{"line":10,"column":15},"end":{"line":10,"column":null}},"5":{"start":{"line":10,"column":15},"end":{"line":23,"column":null}},"6":{"start":{"line":19,"column":8},"end":{"line":23,"column":null}}},"fnMap":{"0":{"name":"(anonymous_0)","decl":{"start":{"line":2,"column":0},"end":{"line":2,"column":6}},"loc":{"start":{"line":2,"column":31},"end":{"line":5,"column":null}},"line":2},"1":{"name":"(anonymous_1)","decl":{"start":{"line":5,"column":0},"end":{"line":5,"column":null}},"loc":{"start":{"line":5,"column":0},"end":{"line":5,"column":null}},"line":5},"2":{"name":"(anonymous_2)","decl":{"start":{"line":19,"column":8},"end":{"line":19,"column":null}},"loc":{"start":{"line":19,"column":8},"end":{"line":23,"column":null}},"line":19}},"branchMap":{"0":{"loc":{"start":{"line":17,"column":8},"end":{"line":23,"column":null}},"type":"cond-expr","locations":[{"start":{"line":17,"column":13},"end":{"line":22,"column":13}},{"start":{"line":22,"column":8},"end":{"line":23,"column":null}}],"line":17}},"s":{"0":0,"1":0,"2":0,"3":0,"4":0,"5":0,"6":0},"f":{"0":0,"1":0,"2":0},"b":{"0":[0,0]},"meta":{"lastBranch":1,"lastFunction":3,"lastStatement":7,"seen":{"f:2:0:2:6":0,"s:3:0:3:Infinity":0,"s:4:12:4:64":1,"s:5:0:5:Infinity":2,"f:5:0:5:Infinity":1,"s:9:2:9:Infinity":3,"s:10:15:10:Infinity":4,"s:10:15:23:Infinity":5,"f:19:8:19:Infinity":2,"s:19:8:23:Infinity":6,"b:17:13:22:13:22:8:23:Infinity":0}}}
,"/home/lucy/git/Helltop/app/components/SocialLinks.vue": {"path":"/home/lucy/git/Helltop/app/components/SocialLinks.vue","statementMap":{"0":{"start":{"line":2,"column":0},"end":{"line":2,"column":null}},"1":{"start":{"line":10,"column":14},"end":{"line":10,"column":null}},"2":{"start":{"line":16,"column":6},"end":{"line":16,"column":20}},"3":{"start":{"line":17,"column":19},"end":{"line":19,"column":null}},"4":{"start":{"line":17,"column":32},"end":{"line":19,"column":null}},"5":{"start":{"line":23,"column":2},"end":{"line":23,"column":26}},"6":{"start":{"line":23,"column":2},"end":{"line":62,"column":81}}},"fnMap":{"0":{"name":"(anonymous_0)","decl":{"start":{"line":17,"column":25},"end":{"line":17,"column":32}},"loc":{"start":{"line":17,"column":32},"end":{"line":19,"column":null}},"line":17}},"branchMap":{"0":{"loc":{"start":{"line":31,"column":8},"end":{"line":32,"column":null}},"type":"cond-expr","locations":[{"start":{"line":31,"column":8},"end":{"line":33,"column":22}},{"start":{"line":33,"column":22},"end":{"line":32,"column":null}}],"line":31},"1":{"loc":{"start":{"line":39,"column":8},"end":{"line":40,"column":null}},"type":"cond-expr","locations":[{"start":{"line":39,"column":8},"end":{"line":41,"column":22}},{"start":{"line":41,"column":22},"end":{"line":40,"column":null}}],"line":39},"2":{"loc":{"start":{"line":47,"column":8},"end":{"line":48,"column":null}},"type":"cond-expr","locations":[{"start":{"line":47,"column":8},"end":{"line":49,"column":22}},{"start":{"line":49,"column":22},"end":{"line":48,"column":null}}],"line":47},"3":{"loc":{"start":{"line":55,"column":8},"end":{"line":56,"column":null}},"type":"cond-expr","locations":[{"start":{"line":55,"column":8},"end":{"line":57,"column":22}},{"start":{"line":57,"column":22},"end":{"line":56,"column":null}}],"line":55},"4":{"loc":{"start":{"line":63,"column":8},"end":{"line":62,"column":81}},"type":"cond-expr","locations":[{"start":{"line":63,"column":8},"end":{"line":62,"column":81}}],"line":63}},"s":{"0":0,"1":0,"2":0,"3":0,"4":0,"5":0,"6":0},"f":{"0":0},"b":{"0":[0,0],"1":[0,0],"2":[0,0],"3":[0,0],"4":[0]},"meta":{"lastBranch":5,"lastFunction":1,"lastStatement":7,"seen":{"s:2:0:2:Infinity":0,"s:10:14:10:Infinity":1,"s:16:6:16:20":2,"s:17:19:19:Infinity":3,"f:17:25:17:32":0,"s:17:32:19:Infinity":4,"s:23:2:23:26":5,"s:23:2:62:81":6,"b:31:8:33:22:33:22:32:Infinity":0,"b:39:8:41:22:41:22:40:Infinity":1,"b:47:8:49:22:49:22:48:Infinity":2,"b:55:8:57:22:57:22:56:Infinity":3,"b:63:8:62:81":4}}}
,"/home/lucy/git/Helltop/app/pages/[...slug].vue": {"path":"/home/lucy/git/Helltop/app/pages/[...slug].vue","statementMap":{},"fnMap":{},"branchMap":{},"s":{},"f":{},"b":{},"meta":{"lastBranch":0,"lastFunction":0,"lastStatement":0,"seen":{}}}
,"/home/lucy/git/Helltop/app/pages/index.vue": {"path":"/home/lucy/git/Helltop/app/pages/index.vue","statementMap":{"0":{"start":{"line":2,"column":0},"end":{"line":2,"column":null}},"1":{"start":{"line":4,"column":1},"end":{"line":7,"column":null}},"2":{"start":{"line":4,"column":1},"end":{"line":7,"column":8}},"3":{"start":{"line":6,"column":0},"end":{"line":6,"column":null}},"4":{"start":{"line":7,"column":20},"end":{"line":13,"column":null}},"5":{"start":{"line":8,"column":16},"end":{"line":13,"column":11}},"6":{"start":{"line":14,"column":25},"end":{"line":16,"column":null}},"7":{"start":{"line":21,"column":27},"end":{"line":23,"column":null}},"8":{"start":{"line":24,"column":12},"end":{"line":24,"column":117}},"9":{"start":{"line":24,"column":123},"end":{"line":24,"column":null}},"10":{"start":{"line":27,"column":84},"end":{"line":27,"column":null}},"11":{"start":{"line":35,"column":153},"end":{"line":35,"column":null}},"12":{"start":{"line":42,"column":34},"end":{"line":44,"column":null}},"13":{"start":{"line":50,"column":34},"end":{"line":50,"column":163}},"14":{"start":{"line":57,"column":69},"end":{"line":58,"column":null}},"15":{"start":{"line":69,"column":22},"end":{"line":69,"column":null}},"16":{"start":{"line":70,"column":25},"end":{"line":70,"column":null}},"17":{"start":{"line":74,"column":22},"end":{"line":74,"column":null}},"18":{"start":{"line":80,"column":22},"end":{"line":80,"column":86}},"19":{"start":{"line":80,"column":92},"end":{"line":91,"column":82}},"20":{"start":{"line":97,"column":18},"end":{"line":97,"column":67}},"21":{"start":{"line":102,"column":17},"end":{"line":102,"column":56}},"22":{"start":{"line":102,"column":62},"end":{"line":102,"column":101}},"23":{"start":{"line":114,"column":14},"end":{"line":114,"column":129}},"24":{"start":{"line":114,"column":135},"end":{"line":114,"column":null}},"25":{"start":{"line":20,"column":2},"end":{"line":20,"column":31}},"26":{"start":{"line":120,"column":10},"end":{"line":120,"column":null}},"27":{"start":{"line":120,"column":10},"end":{"line":117,"column":128}},"28":{"start":{"line":22,"column":6},"end":{"line":117,"column":128}},"29":{"start":{"line":34,"column":62},"end":{"line":109,"column":41}},"30":{"start":{"line":43,"column":56},"end":{"line":47,"column":64}},"31":{"start":{"line":68,"column":61},"end":{"line":81,"column":null}},"32":{"start":{"line":94,"column":41},"end":{"line":102,"column":108}}},"fnMap":{"0":{"name":"(anonymous_0)","decl":{"start":{"line":4,"column":1},"end":{"line":4,"column":null}},"loc":{"start":{"line":4,"column":1},"end":{"line":7,"column":8}},"line":4},"1":{"name":"(anonymous_1)","decl":{"start":{"line":22,"column":6},"end":{"line":22,"column":null}},"loc":{"start":{"line":22,"column":6},"end":{"line":117,"column":128}},"line":22},"2":{"name":"(anonymous_2)","decl":{"start":{"line":34,"column":62},"end":{"line":34,"column":66}},"loc":{"start":{"line":34,"column":62},"end":{"line":109,"column":41}},"line":34},"3":{"name":"(anonymous_3)","decl":{"start":{"line":43,"column":56},"end":{"line":43,"column":63}},"loc":{"start":{"line":43,"column":56},"end":{"line":47,"column":64}},"line":43},"4":{"name":"(anonymous_4)","decl":{"start":{"line":68,"column":61},"end":{"line":68,"column":null}},"loc":{"start":{"line":68,"column":61},"end":{"line":81,"column":null}},"line":68},"5":{"name":"(anonymous_5)","decl":{"start":{"line":94,"column":41},"end":{"line":94,"column":null}},"loc":{"start":{"line":94,"column":41},"end":{"line":102,"column":108}},"line":94}},"branchMap":{"0":{"loc":{"start":{"line":7,"column":20},"end":{"line":13,"column":null}},"type":"if","locations":[{"start":{"line":7,"column":20},"end":{"line":13,"column":null}},{"start":{},"end":{}}],"line":7},"1":{"loc":{"start":{"line":22,"column":6},"end":{"line":117,"column":128}},"type":"cond-expr","locations":[{"start":{"line":23,"column":6},"end":{"line":117,"column":128}}],"line":22},"2":{"loc":{"start":{"line":41,"column":10},"end":{"line":109,"column":41}},"type":"cond-expr","locations":[{"start":{"line":41,"column":61},"end":{"line":87,"column":null}},{"start":{"line":87,"column":14},"end":{"line":109,"column":41}}],"line":41},"3":{"loc":{"start":{"line":41,"column":61},"end":{"line":43,"column":51}},"type":"cond-expr","locations":[{"start":{"line":41,"column":61},"end":{"line":49,"column":null}},{"start":{"line":49,"column":15},"end":{"line":43,"column":51}}],"line":41},"4":{"loc":{"start":{"line":43,"column":12},"end":{"line":52,"column":null}},"type":"cond-expr","locations":[{"start":{"line":48,"column":17},"end":{"line":50,"column":19}},{"start":{"line":52,"column":14},"end":{"line":52,"column":null}}],"line":43},"5":{"loc":{"start":{"line":52,"column":14},"end":{"line":87,"column":null}},"type":"cond-expr","locations":[{"start":{"line":50,"column":10},"end":{"line":87,"column":null}},{"start":{"line":87,"column":14},"end":{"line":87,"column":null}}],"line":52},"6":{"loc":{"start":{"line":87,"column":14},"end":{"line":109,"column":41}},"type":"cond-expr","locations":[{"start":{"line":87,"column":14},"end":{"line":105,"column":null}},{"start":{"line":105,"column":14},"end":{"line":109,"column":41}}],"line":87},"7":{"loc":{"start":{"line":66,"column":22},"end":{"line":84,"column":null}},"type":"binary-expr","locations":[{"start":{"line":66,"column":22},"end":{"line":66,"column":null}},{"start":{"line":66,"column":22},"end":{"line":84,"column":null}}],"line":66},"8":{"loc":{"start":{"line":76,"column":46},"end":{"line":77,"column":null}},"type":"cond-expr","locations":[{"start":{"line":76,"column":52},"end":{"line":77,"column":25}},{"start":{"line":77,"column":22},"end":{"line":77,"column":null}}],"line":76},"9":{"loc":{"start":{"line":105,"column":14},"end":{"line":109,"column":41}},"type":"cond-expr","locations":[{"start":{"line":105,"column":14},"end":{"line":110,"column":null}},{"start":{"line":110,"column":14},"end":{"line":109,"column":41}}],"line":105},"10":{"loc":{"start":{"line":110,"column":14},"end":{"line":109,"column":41}},"type":"cond-expr","locations":[{"start":{"line":110,"column":14},"end":{"line":109,"column":41}}],"line":110}},"s":{"0":0,"1":0,"2":0,"3":0,"4":0,"5":0,"6":0,"7":1,"8":1,"9":1,"10":1,"11":1,"12":1,"13":1,"14":1,"15":1,"16":1,"17":1,"18":1,"19":1,"20":1,"21":1,"22":1,"23":1,"24":1,"25":0,"26":0,"27":0,"28":0,"29":0,"30":0,"31":0,"32":0},"f":{"0":0,"1":0,"2":0,"3":0,"4":0,"5":0},"b":{"0":[0,0],"1":[0],"2":[0,0],"3":[0,0],"4":[0,0],"5":[0,0],"6":[0,0],"7":[0,0],"8":[0,0],"9":[0,0],"10":[0]},"meta":{"lastBranch":0,"lastFunction":0,"lastStatement":0,"seen":{}}}
,"/home/lucy/git/Helltop/app/pages/blog/[...slug].vue": {"path":"/home/lucy/git/Helltop/app/pages/blog/[...slug].vue","statementMap":{},"fnMap":{},"branchMap":{},"s":{},"f":{},"b":{},"meta":{"lastBranch":0,"lastFunction":0,"lastStatement":0,"seen":{}}}
,"/home/lucy/git/Helltop/app/pages/blog/index.vue": {"path":"/home/lucy/git/Helltop/app/pages/blog/index.vue","statementMap":{},"fnMap":{},"branchMap":{},"s":{},"f":{},"b":{},"meta":{"lastBranch":0,"lastFunction":0,"lastStatement":0,"seen":{}}}
}
